* installing *source* package ‘gtfs2gps’ ...
** package ‘gtfs2gps’ successfully unpacked and MD5 sums checked
** using staged installation
** libs
ccache /usr/local/clang8/bin/clang++ -I"/Library/Frameworks/R.framework/Resources/include" -DNDEBUG  -I"/Users/dave/Documents/github/sfheaders/revdep/library.noindex/gtfs2gps/Rcpp/include" -isysroot /Library/Developer/CommandLineTools/SDKs/MacOSX.sdk -I/usr/local/include  -fPIC  -Wall -g -O2  -c RcppExports.cpp -o RcppExports.o
ccache /usr/local/clang8/bin/clang++ -I"/Library/Frameworks/R.framework/Resources/include" -DNDEBUG  -I"/Users/dave/Documents/github/sfheaders/revdep/library.noindex/gtfs2gps/Rcpp/include" -isysroot /Library/Developer/CommandLineTools/SDKs/MacOSX.sdk -I/usr/local/include  -fPIC  -Wall -g -O2  -c distance_calcs.cpp -o distance_calcs.o
ccache /usr/local/clang8/bin/clang++ -I"/Library/Frameworks/R.framework/Resources/include" -DNDEBUG  -I"/Users/dave/Documents/github/sfheaders/revdep/library.noindex/gtfs2gps/Rcpp/include" -isysroot /Library/Developer/CommandLineTools/SDKs/MacOSX.sdk -I/usr/local/include  -fPIC  -Wall -g -O2  -c snap_points.cpp -o snap_points.o
ccache /usr/local/clang8/bin/clang++ -dynamiclib -Wl,-headerpad_max_install_names -undefined dynamic_lookup -single_module -multiply_defined suppress -L/Library/Frameworks/R.framework/Resources/lib -L/usr/local/clang8/lib -o gtfs2gps.so RcppExports.o distance_calcs.o snap_points.o -F/Library/Frameworks/R.framework/.. -framework R -Wl,-framework -Wl,CoreFoundation
ld: warning: text-based stub file /System/Library/Frameworks//CoreFoundation.framework/CoreFoundation.tbd and library file /System/Library/Frameworks//CoreFoundation.framework/CoreFoundation are out of sync. Falling back to library file for linking.
installing to /Users/dave/Documents/github/sfheaders/revdep/checks.noindex/gtfs2gps/old/gtfs2gps.Rcheck/00LOCK-gtfs2gps/00new/gtfs2gps/libs
** R
** demo
** inst
** byte-compile and prepare package for lazy loading
** help
*** installing help indices
*** copying figures
** building package indices
** installing vignettes
** testing if installed package can be loaded from temporary location
** checking absolute paths in shared objects and dynamic libraries
** testing if installed package can be loaded from final location
** testing if installed package keeps a record of temporary installation path
* DONE (gtfs2gps)
