* installing *source* package ‘geojsonsf’ ...
** package ‘geojsonsf’ successfully unpacked and MD5 sums checked
** using staged installation
** libs
ccache /usr/local/clang8/bin/clang++ -std=gnu++11 -I"/Library/Frameworks/R.framework/Resources/include" -DNDEBUG -DSTRICT_R_HEADERS -I"/Users/dave/Documents/github/sfheaders/revdep/library.noindex/geojsonsf/jsonify/include" -I"/Users/dave/Documents/github/sfheaders/revdep/library.noindex/geojsonsf/rapidjsonr/include" -I"/Users/dave/Documents/github/sfheaders/revdep/library.noindex/geojsonsf/Rcpp/include" -I"/Users/dave/Documents/github/sfheaders/revdep/library.noindex/sfheaders/old/sfheaders/include" -isysroot /Library/Developer/CommandLineTools/SDKs/MacOSX.sdk -I/usr/local/include -I../inst/include/ -fPIC  -Wall -g -O2  -c RcppExports.cpp -o RcppExports.o
ccache /usr/local/clang8/bin/clang++ -std=gnu++11 -I"/Library/Frameworks/R.framework/Resources/include" -DNDEBUG -DSTRICT_R_HEADERS -I"/Users/dave/Documents/github/sfheaders/revdep/library.noindex/geojsonsf/jsonify/include" -I"/Users/dave/Documents/github/sfheaders/revdep/library.noindex/geojsonsf/rapidjsonr/include" -I"/Users/dave/Documents/github/sfheaders/revdep/library.noindex/geojsonsf/Rcpp/include" -I"/Users/dave/Documents/github/sfheaders/revdep/library.noindex/sfheaders/old/sfheaders/include" -isysroot /Library/Developer/CommandLineTools/SDKs/MacOSX.sdk -I/usr/local/include -I../inst/include/ -fPIC  -Wall -g -O2  -c df_geojson.cpp -o df_geojson.o
ccache /usr/local/clang8/bin/clang++ -std=gnu++11 -I"/Library/Frameworks/R.framework/Resources/include" -DNDEBUG -DSTRICT_R_HEADERS -I"/Users/dave/Documents/github/sfheaders/revdep/library.noindex/geojsonsf/jsonify/include" -I"/Users/dave/Documents/github/sfheaders/revdep/library.noindex/geojsonsf/rapidjsonr/include" -I"/Users/dave/Documents/github/sfheaders/revdep/library.noindex/geojsonsf/Rcpp/include" -I"/Users/dave/Documents/github/sfheaders/revdep/library.noindex/sfheaders/old/sfheaders/include" -isysroot /Library/Developer/CommandLineTools/SDKs/MacOSX.sdk -I/usr/local/include -I../inst/include/ -fPIC  -Wall -g -O2  -c geojson_to_sf.cpp -o geojson_to_sf.o
ccache /usr/local/clang8/bin/clang++ -std=gnu++11 -I"/Library/Frameworks/R.framework/Resources/include" -DNDEBUG -DSTRICT_R_HEADERS -I"/Users/dave/Documents/github/sfheaders/revdep/library.noindex/geojsonsf/jsonify/include" -I"/Users/dave/Documents/github/sfheaders/revdep/library.noindex/geojsonsf/rapidjsonr/include" -I"/Users/dave/Documents/github/sfheaders/revdep/library.noindex/geojsonsf/Rcpp/include" -I"/Users/dave/Documents/github/sfheaders/revdep/library.noindex/sfheaders/old/sfheaders/include" -isysroot /Library/Developer/CommandLineTools/SDKs/MacOSX.sdk -I/usr/local/include -I../inst/include/ -fPIC  -Wall -g -O2  -c geojson_to_wkt.cpp -o geojson_to_wkt.o
ccache /usr/local/clang8/bin/clang++ -std=gnu++11 -I"/Library/Frameworks/R.framework/Resources/include" -DNDEBUG -DSTRICT_R_HEADERS -I"/Users/dave/Documents/github/sfheaders/revdep/library.noindex/geojsonsf/jsonify/include" -I"/Users/dave/Documents/github/sfheaders/revdep/library.noindex/geojsonsf/rapidjsonr/include" -I"/Users/dave/Documents/github/sfheaders/revdep/library.noindex/geojsonsf/Rcpp/include" -I"/Users/dave/Documents/github/sfheaders/revdep/library.noindex/sfheaders/old/sfheaders/include" -isysroot /Library/Developer/CommandLineTools/SDKs/MacOSX.sdk -I/usr/local/include -I../inst/include/ -fPIC  -Wall -g -O2  -c geojson_wkt.cpp -o geojson_wkt.o
ccache /usr/local/clang8/bin/clang++ -std=gnu++11 -I"/Library/Frameworks/R.framework/Resources/include" -DNDEBUG -DSTRICT_R_HEADERS -I"/Users/dave/Documents/github/sfheaders/revdep/library.noindex/geojsonsf/jsonify/include" -I"/Users/dave/Documents/github/sfheaders/revdep/library.noindex/geojsonsf/rapidjsonr/include" -I"/Users/dave/Documents/github/sfheaders/revdep/library.noindex/geojsonsf/Rcpp/include" -I"/Users/dave/Documents/github/sfheaders/revdep/library.noindex/sfheaders/old/sfheaders/include" -isysroot /Library/Developer/CommandLineTools/SDKs/MacOSX.sdk -I/usr/local/include -I../inst/include/ -fPIC  -Wall -g -O2  -c read_geojson.cpp -o read_geojson.o
ccache /usr/local/clang8/bin/clang++ -std=gnu++11 -I"/Library/Frameworks/R.framework/Resources/include" -DNDEBUG -DSTRICT_R_HEADERS -I"/Users/dave/Documents/github/sfheaders/revdep/library.noindex/geojsonsf/jsonify/include" -I"/Users/dave/Documents/github/sfheaders/revdep/library.noindex/geojsonsf/rapidjsonr/include" -I"/Users/dave/Documents/github/sfheaders/revdep/library.noindex/geojsonsf/Rcpp/include" -I"/Users/dave/Documents/github/sfheaders/revdep/library.noindex/sfheaders/old/sfheaders/include" -isysroot /Library/Developer/CommandLineTools/SDKs/MacOSX.sdk -I/usr/local/include -I../inst/include/ -fPIC  -Wall -g -O2  -c sf_geojson.cpp -o sf_geojson.o
ccache /usr/local/clang8/bin/clang++ -std=gnu++11 -dynamiclib -Wl,-headerpad_max_install_names -undefined dynamic_lookup -single_module -multiply_defined suppress -L/Library/Frameworks/R.framework/Resources/lib -L/usr/local/clang8/lib -o geojsonsf.so RcppExports.o df_geojson.o geojson_to_sf.o geojson_to_wkt.o geojson_wkt.o read_geojson.o sf_geojson.o -F/Library/Frameworks/R.framework/.. -framework R -Wl,-framework -Wl,CoreFoundation
ld: warning: text-based stub file /System/Library/Frameworks//CoreFoundation.framework/CoreFoundation.tbd and library file /System/Library/Frameworks//CoreFoundation.framework/CoreFoundation are out of sync. Falling back to library file for linking.
installing to /Users/dave/Documents/github/sfheaders/revdep/checks.noindex/geojsonsf/old/geojsonsf.Rcheck/00LOCK-geojsonsf/00new/geojsonsf/libs
** R
** data
*** moving datasets to lazyload DB
** inst
** byte-compile and prepare package for lazy loading
** help
*** installing help indices
*** copying figures
** building package indices
** installing vignettes
** testing if installed package can be loaded from temporary location
** checking absolute paths in shared objects and dynamic libraries
** testing if installed package can be loaded from final location
** testing if installed package keeps a record of temporary installation path
* DONE (geojsonsf)
